<?xml version="1.0" encoding="UTF-8"?>
<Site BuildName="Win32-mingw32-make"
	BuildStamp="20231215-0003-Experimental"
	Name="LAPTOP-T7201SIH"
	Generator="ctest-3.28.0"
	CompilerName="C:/mingw64/bin/g++.exe"
	CompilerVersion="12.1.0"
	OSName="Windows"
	Hostname="LAPTOP-T7201SIH"
	OSRelease=" Professional"
	OSVersion=" (Build 22621)"
	OSPlatform="AMD64"
	Is64Bits="1"
	VendorString="AuthenticAMD"
	VendorID="Advanced Micro Devices"
	FamilyID="15"
	ModelID="0"
	ProcessorCacheSize="64"
	NumberOfLogicalCPU="16"
	NumberOfPhysicalCPU="8"
	TotalVirtualMemory="74655"
	TotalPhysicalMemory="64927"
	LogicalProcessorsPerPhysical="2"
	ProcessorClockFrequency="3293"
	>
	<Testing>
		<StartDateTime>Dec 15 09:34 Central Standard Time</StartDateTime>
		<StartTestTime>1702654447</StartTestTime>
		<TestList/>
		<EndDateTime>Dec 15 09:34 Central Standard Time</EndDateTime>
		<EndTestTime>1702654447</EndTestTime>
		<ElapsedMinutes>0</ElapsedMinutes>
	</Testing>
</Site>
